2023-02-24 08:10:45 INFO - Oracle SQL Developer Data Modeler 22.2.0.165.1149
2023-02-24 08:11:28 SEVERE - Unable to load object from XML: C:\Users\mique\Downloads\definitiva\mapping\ExtendedMap.xml
java.io.FileNotFoundException: C:\Users\mique\Downloads\definitiva\mapping\ExtendedMap.xml (El sistema no puede encontrar la ruta especificada)
	at java.base/java.io.FileInputStream.open0(Native Method)
	at java.base/java.io.FileInputStream.open(Unknown Source)
	at java.base/java.io.FileInputStream.<init>(Unknown Source)
	at oracle.dbtools.crest.model.metadata.XMLToObjectTransformer.transformToObject(XMLToObjectTransformer.java:134)
	at oracle.dbtools.crest.model.metadata.XMLToObjectTransformer.transformToObject(XMLToObjectTransformer.java:129)
	at oracle.dbtools.crest.model.metadata.XMLTransformationManager.transformFromXMLToObject(XMLTransformationManager.java:1872)
	at oracle.dbtools.crest.model.metadata.XMLTransformationManager.transformFromXMLToObject(XMLTransformationManager.java:1820)
	at oracle.dbtools.crest.model.design.Design.openDesign(Design.java:1672)
	at oracle.dbtools.crest.swingui.ControllerApplication$1.run(ControllerApplication.java:2512)
2023-02-24 08:12:45 INFO - Oracle SQL Developer Data Modeler 22.2.0.165.1149
2023-02-24 08:12:53 SEVERE - Unable to load object from XML: C:\Users\mique\Downloads\definitiva\mapping\ExtendedMap.xml
java.io.FileNotFoundException: C:\Users\mique\Downloads\definitiva\mapping\ExtendedMap.xml (El sistema no puede encontrar la ruta especificada)
	at java.base/java.io.FileInputStream.open0(Native Method)
	at java.base/java.io.FileInputStream.open(Unknown Source)
	at java.base/java.io.FileInputStream.<init>(Unknown Source)
	at oracle.dbtools.crest.model.metadata.XMLToObjectTransformer.transformToObject(XMLToObjectTransformer.java:134)
	at oracle.dbtools.crest.model.metadata.XMLToObjectTransformer.transformToObject(XMLToObjectTransformer.java:129)
	at oracle.dbtools.crest.model.metadata.XMLTransformationManager.transformFromXMLToObject(XMLTransformationManager.java:1872)
	at oracle.dbtools.crest.model.metadata.XMLTransformationManager.transformFromXMLToObject(XMLTransformationManager.java:1820)
	at oracle.dbtools.crest.model.design.Design.openDesign(Design.java:1672)
	at oracle.dbtools.crest.swingui.ControllerApplication$1.run(ControllerApplication.java:2512)
2023-02-24 08:16:09 SEVERE - getDataInputStream: Can not read data
java.io.FileNotFoundException: C:\Users\mique\Downloads\definitiva\rdbms\definitiva_RDBMSSites.xml (El sistema no puede encontrar la ruta especificada)
	at java.base/java.io.FileInputStream.open0(Native Method)
	at java.base/java.io.FileInputStream.open(Unknown Source)
	at java.base/java.io.FileInputStream.<init>(Unknown Source)
	at oracle.dbtools.crest.model.persistence.FileManager.getDataInputStream(FileManager.java:295)
	at oracle.dbtools.crest.model.persistence.FileManager.getDataInputStreamWithoutExtension(FileManager.java:264)
	at oracle.dbtools.crest.model.persistence.XMLPersistenceManager.getInputStreamFor(XMLPersistenceManager.java:898)
	at oracle.dbtools.crest.model.persistence.xml.AbstractXMLReader.getInputStreamFor(AbstractXMLReader.java:216)
	at oracle.dbtools.crest.model.persistence.xml.AbstractXMLReader.recreateObject(AbstractXMLReader.java:143)
	at oracle.dbtools.crest.model.persistence.xml.AbstractXMLReader.handleRecreateObject(AbstractXMLReader.java:108)
	at oracle.dbtools.crest.model.persistence.XMLPersistenceManager.read(XMLPersistenceManager.java:538)
	at oracle.dbtools.crest.imports.cwddesigner.CWDExtractionController.importRDBMSSites(CWDExtractionController.java:599)
	at oracle.dbtools.crest.imports.cwddesigner.CWDExtractionController$Runner2.run(CWDExtractionController.java:194)
	at java.base/java.lang.Thread.run(Unknown Source)
2023-02-24 08:16:09 SEVERE - Data inputstream is null (path: definitiva/rdbms name: definitiva_RDBMSSites)
2023-02-24 08:16:10 SEVERE - Error Generate Design: Sin título_1
java.lang.NullPointerException
	at oracle.dbtools.crest.imports.cwddesigner.CWDExtractionController.importRDBMSSites(CWDExtractionController.java:601)
	at oracle.dbtools.crest.imports.cwddesigner.CWDExtractionController$Runner2.run(CWDExtractionController.java:194)
	at java.base/java.lang.Thread.run(Unknown Source)
2023-02-24 08:17:19 SEVERE - getDataInputStream: Can not read data
java.io.FileNotFoundException: C:\Users\mique\Downloads\definitiva\rdbms\definitiva_RDBMSSites.xml (El sistema no puede encontrar la ruta especificada)
	at java.base/java.io.FileInputStream.open0(Native Method)
	at java.base/java.io.FileInputStream.open(Unknown Source)
	at java.base/java.io.FileInputStream.<init>(Unknown Source)
	at oracle.dbtools.crest.model.persistence.FileManager.getDataInputStream(FileManager.java:295)
	at oracle.dbtools.crest.model.persistence.FileManager.getDataInputStreamWithoutExtension(FileManager.java:264)
	at oracle.dbtools.crest.model.persistence.XMLPersistenceManager.getInputStreamFor(XMLPersistenceManager.java:898)
	at oracle.dbtools.crest.model.persistence.xml.AbstractXMLReader.getInputStreamFor(AbstractXMLReader.java:216)
	at oracle.dbtools.crest.model.persistence.xml.AbstractXMLReader.recreateObject(AbstractXMLReader.java:143)
	at oracle.dbtools.crest.model.persistence.xml.AbstractXMLReader.handleRecreateObject(AbstractXMLReader.java:108)
	at oracle.dbtools.crest.model.persistence.XMLPersistenceManager.read(XMLPersistenceManager.java:538)
	at oracle.dbtools.crest.imports.cwddesigner.CWDExtractionController.importRDBMSSites(CWDExtractionController.java:599)
	at oracle.dbtools.crest.imports.cwddesigner.CWDExtractionController$Runner2.run(CWDExtractionController.java:194)
	at java.base/java.lang.Thread.run(Unknown Source)
2023-02-24 08:17:19 SEVERE - Data inputstream is null (path: definitiva/rdbms name: definitiva_RDBMSSites)
2023-02-24 08:17:20 SEVERE - Error Generate Design: Sin título_1
java.lang.NullPointerException
	at oracle.dbtools.crest.imports.cwddesigner.CWDExtractionController.importRDBMSSites(CWDExtractionController.java:601)
	at oracle.dbtools.crest.imports.cwddesigner.CWDExtractionController$Runner2.run(CWDExtractionController.java:194)
	at java.base/java.lang.Thread.run(Unknown Source)
2023-02-24 08:20:17 INFO - Oracle SQL Developer Data Modeler 22.2.0.165.1149
2023-02-24 08:57:44 INFO - Oracle SQL Developer Data Modeler 22.2.0.165.1149
2023-02-24 08:57:44 SEVERE - Problem with System Data Types directory - probably doesn't exist/nC:\Users\mique\Desktop\Tecnocampus\datamodeler\tipos
2023-02-24 09:35:27 INFO - Oracle SQL Developer Data Modeler 22.2.0.165.1149
2023-03-02 10:21:54 INFO - Oracle SQL Developer Data Modeler 22.2.0.165.1149
2023-03-02 10:41:23 INFO - Oracle SQL Developer Data Modeler 22.2.0.165.1149
2023-03-09 16:12:38 INFO - Oracle SQL Developer Data Modeler 22.2.0.165.1149
2023-03-09 16:45:29 SEVERE - Invocation error for getter
java.lang.reflect.InvocationTargetException
	at java.base/jdk.internal.reflect.NativeMethodAccessorImpl.invoke0(Native Method)
	at java.base/jdk.internal.reflect.NativeMethodAccessorImpl.invoke(Unknown Source)
	at java.base/jdk.internal.reflect.DelegatingMethodAccessorImpl.invoke(Unknown Source)
	at java.base/java.lang.reflect.Method.invoke(Unknown Source)
	at oracle.dbtools.crest.model.metadata.MDTransformer.getProperty(MDTransformer.java:172)
	at oracle.dbtools.crest.model.metadata.XMLObjToStreamTransformer.processProperties(XMLObjToStreamTransformer.java:353)
	at oracle.dbtools.crest.model.metadata.XMLObjToStreamTransformer.transformFromObject(XMLObjToStreamTransformer.java:154)
	at oracle.dbtools.crest.model.metadata.XMLObjToStreamTransformer.processCollectionWithContained(XMLObjToStreamTransformer.java:758)
	at oracle.dbtools.crest.model.metadata.XMLObjToStreamTransformer.processCollections(XMLObjToStreamTransformer.java:594)
	at oracle.dbtools.crest.model.metadata.XMLObjToStreamTransformer.transformFromObject(XMLObjToStreamTransformer.java:156)
	at oracle.dbtools.crest.model.metadata.XMLObjToStreamTransformer.transformFromObject(XMLObjToStreamTransformer.java:91)
	at oracle.dbtools.crest.model.metadata.XMLObjToStreamTransformer.transformFromObject(XMLObjToStreamTransformer.java:61)
	at oracle.dbtools.crest.model.metadata.XMLObjToStreamTransformer.transformFromObject(XMLObjToStreamTransformer.java:51)
	at oracle.dbtools.crest.model.metadata.XMLTransformationManager.writeContentAsStream(XMLTransformationManager.java:4220)
	at oracle.dbtools.crest.model.metadata.XMLTransformationManager.saveContentOfObject(XMLTransformationManager.java:4191)
	at oracle.dbtools.crest.model.metadata.XMLTransformationManager.saveObject(XMLTransformationManager.java:1684)
	at oracle.dbtools.crest.model.metadata.XMLTransformationManager.saveDesign(XMLTransformationManager.java:643)
	at oracle.dbtools.crest.model.design.Design.saveAll(Design.java:2424)
	at oracle.dbtools.crest.swingui.ControllerApplication.saveAll(ControllerApplication.java:4148)
	at oracle.dbtools.crest.swingui.ControllerApplication.saveDesign(ControllerApplication.java:3063)
	at oracle.dbtools.crest.swingui.ControllerApplication$SaveAll$1.run(ControllerApplication.java:2969)
Caused by: java.lang.NullPointerException
	at oracle.dbtools.crest.model.xtdmapping.XtdMapping.getTargetContainerID(XtdMapping.java:913)
	... 21 more
2023-03-09 16:45:29 SEVERE - Invocation error for getter
java.lang.reflect.InvocationTargetException
	at java.base/jdk.internal.reflect.NativeMethodAccessorImpl.invoke0(Native Method)
	at java.base/jdk.internal.reflect.NativeMethodAccessorImpl.invoke(Unknown Source)
	at java.base/jdk.internal.reflect.DelegatingMethodAccessorImpl.invoke(Unknown Source)
	at java.base/java.lang.reflect.Method.invoke(Unknown Source)
	at oracle.dbtools.crest.model.metadata.MDTransformer.getProperty(MDTransformer.java:172)
	at oracle.dbtools.crest.model.metadata.XMLObjToStreamTransformer.processProperties(XMLObjToStreamTransformer.java:353)
	at oracle.dbtools.crest.model.metadata.XMLObjToStreamTransformer.transformFromObject(XMLObjToStreamTransformer.java:154)
	at oracle.dbtools.crest.model.metadata.XMLObjToStreamTransformer.processCollectionWithContained(XMLObjToStreamTransformer.java:758)
	at oracle.dbtools.crest.model.metadata.XMLObjToStreamTransformer.processCollections(XMLObjToStreamTransformer.java:594)
	at oracle.dbtools.crest.model.metadata.XMLObjToStreamTransformer.transformFromObject(XMLObjToStreamTransformer.java:156)
	at oracle.dbtools.crest.model.metadata.XMLObjToStreamTransformer.transformFromObject(XMLObjToStreamTransformer.java:91)
	at oracle.dbtools.crest.model.metadata.XMLObjToStreamTransformer.transformFromObject(XMLObjToStreamTransformer.java:61)
	at oracle.dbtools.crest.model.metadata.XMLObjToStreamTransformer.transformFromObject(XMLObjToStreamTransformer.java:51)
	at oracle.dbtools.crest.model.metadata.XMLTransformationManager.writeContentAsStream(XMLTransformationManager.java:4220)
	at oracle.dbtools.crest.model.metadata.XMLTransformationManager.saveContentOfObject(XMLTransformationManager.java:4191)
	at oracle.dbtools.crest.model.metadata.XMLTransformationManager.saveObject(XMLTransformationManager.java:1684)
	at oracle.dbtools.crest.model.metadata.XMLTransformationManager.saveDesign(XMLTransformationManager.java:643)
	at oracle.dbtools.crest.model.design.Design.saveAll(Design.java:2424)
	at oracle.dbtools.crest.swingui.ControllerApplication.saveAll(ControllerApplication.java:4148)
	at oracle.dbtools.crest.swingui.ControllerApplication.saveDesign(ControllerApplication.java:3063)
	at oracle.dbtools.crest.swingui.ControllerApplication$SaveAll$1.run(ControllerApplication.java:2969)
Caused by: java.lang.NullPointerException
	at oracle.dbtools.crest.model.xtdmapping.XtdMapping.getTargetContainerID(XtdMapping.java:913)
	... 21 more
2023-03-09 16:49:23 SEVERE - DefaultDiagramUI.createHandle:
java.lang.NullPointerException
	at oracle.dbtools.crest.swingui.diagram.graph.EdgeView$EdgeHandle.reloadPoints(EdgeView.java:690)
	at oracle.dbtools.crest.swingui.diagram.graph.EdgeView$EdgeHandle.<init>(EdgeView.java:684)
	at oracle.dbtools.crest.swingui.diagram.graph.EdgeView.getHandle(EdgeView.java:482)
	at oracle.dbtools.crest.swingui.diagram.ui.def.DefaultDiagramUI$RootHandle.<init>(DefaultDiagramUI.java:1971)
	at oracle.dbtools.crest.swingui.diagram.ui.def.DefaultDiagramUI.createHandle(DefaultDiagramUI.java:1179)
	at oracle.dbtools.crest.swingui.diagram.ui.def.DefaultDiagramUI.updateHandle(DefaultDiagramUI.java:1160)
	at oracle.dbtools.crest.swingui.diagram.ui.def.DefaultDiagramUI$DiagramSelectionHandler.valueChanged(DefaultDiagramUI.java:1572)
	at oracle.dbtools.crest.swingui.diagram.graph.DefaultDiagramSelectionModel.fireValueChanged(DefaultDiagramSelectionModel.java:504)
	at oracle.dbtools.crest.swingui.diagram.graph.DefaultDiagramSelectionModel.notifyCellChange(DefaultDiagramSelectionModel.java:562)
	at oracle.dbtools.crest.swingui.diagram.graph.DefaultDiagramSelectionModel.addSelectionCells(DefaultDiagramSelectionModel.java:209)
	at oracle.dbtools.crest.swingui.diagram.graph.DefaultDiagramSelectionModel.addSelectionCell(DefaultDiagramSelectionModel.java:171)
	at oracle.dbtools.crest.swingui.diagram.AbstractDiagram.addSelectionCell(AbstractDiagram.java:1604)
	at oracle.dbtools.crest.swingui.diagram.ui.def.DefaultDiagramUI.selectRelationsFor(DefaultDiagramUI.java:500)
	at oracle.dbtools.crest.swingui.diagram.ui.def.DefaultDiagramUI.selectChildRelations(DefaultDiagramUI.java:435)
	at oracle.dbtools.crest.swingui.diagram.ui.def.DefaultDiagramUI.selectCellForEvent(DefaultDiagramUI.java:421)
	at oracle.dbtools.crest.swingui.diagram.ui.def.DefaultDiagramUI$MouseHandler.mouseReleased(DefaultDiagramUI.java:1819)
	at java.desktop/java.awt.AWTEventMulticaster.mouseReleased(Unknown Source)
	at java.desktop/java.awt.Component.processMouseEvent(Unknown Source)
	at java.desktop/javax.swing.JComponent.processMouseEvent(Unknown Source)
	at java.desktop/java.awt.Component.processEvent(Unknown Source)
	at java.desktop/java.awt.Container.processEvent(Unknown Source)
	at java.desktop/java.awt.Component.dispatchEventImpl(Unknown Source)
	at java.desktop/java.awt.Container.dispatchEventImpl(Unknown Source)
	at java.desktop/java.awt.Component.dispatchEvent(Unknown Source)
	at java.desktop/java.awt.LightweightDispatcher.retargetMouseEvent(Unknown Source)
	at java.desktop/java.awt.LightweightDispatcher.processMouseEvent(Unknown Source)
	at java.desktop/java.awt.LightweightDispatcher.dispatchEvent(Unknown Source)
	at java.desktop/java.awt.Container.dispatchEventImpl(Unknown Source)
	at java.desktop/java.awt.Window.dispatchEventImpl(Unknown Source)
	at java.desktop/java.awt.Component.dispatchEvent(Unknown Source)
	at java.desktop/java.awt.EventQueue.dispatchEventImpl(Unknown Source)
	at java.desktop/java.awt.EventQueue$4.run(Unknown Source)
	at java.desktop/java.awt.EventQueue$4.run(Unknown Source)
	at java.base/java.security.AccessController.doPrivileged(Native Method)
	at java.base/java.security.ProtectionDomain$JavaSecurityAccessImpl.doIntersectionPrivilege(Unknown Source)
	at java.base/java.security.ProtectionDomain$JavaSecurityAccessImpl.doIntersectionPrivilege(Unknown Source)
	at java.desktop/java.awt.EventQueue$5.run(Unknown Source)
	at java.desktop/java.awt.EventQueue$5.run(Unknown Source)
	at java.base/java.security.AccessController.doPrivileged(Native Method)
	at java.base/java.security.ProtectionDomain$JavaSecurityAccessImpl.doIntersectionPrivilege(Unknown Source)
	at java.desktop/java.awt.EventQueue.dispatchEvent(Unknown Source)
	at oracle.javatools.internal.ui.EventQueueWrapper._dispatchEvent(EventQueueWrapper.java:169)
	at oracle.javatools.internal.ui.EventQueueWrapper.dispatchEvent(EventQueueWrapper.java:151)
	at java.desktop/java.awt.EventDispatchThread.pumpOneEventForFilters(Unknown Source)
	at java.desktop/java.awt.EventDispatchThread.pumpEventsForFilter(Unknown Source)
	at java.desktop/java.awt.EventDispatchThread.pumpEventsForHierarchy(Unknown Source)
	at java.desktop/java.awt.EventDispatchThread.pumpEvents(Unknown Source)
	at java.desktop/java.awt.EventDispatchThread.pumpEvents(Unknown Source)
	at java.desktop/java.awt.EventDispatchThread.run(Unknown Source)
2023-03-09 16:49:23 SEVERE - DefaultDiagramUI.createHandle:
java.lang.NullPointerException
	at oracle.dbtools.crest.swingui.diagram.graph.EdgeView$EdgeHandle.reloadPoints(EdgeView.java:690)
	at oracle.dbtools.crest.swingui.diagram.graph.EdgeView$EdgeHandle.<init>(EdgeView.java:684)
	at oracle.dbtools.crest.swingui.diagram.graph.EdgeView.getHandle(EdgeView.java:482)
	at oracle.dbtools.crest.swingui.diagram.ui.def.DefaultDiagramUI$RootHandle.<init>(DefaultDiagramUI.java:1971)
	at oracle.dbtools.crest.swingui.diagram.ui.def.DefaultDiagramUI.createHandle(DefaultDiagramUI.java:1179)
	at oracle.dbtools.crest.swingui.diagram.ui.def.DefaultDiagramUI.updateHandle(DefaultDiagramUI.java:1160)
	at oracle.dbtools.crest.swingui.diagram.ui.def.DefaultDiagramUI$DiagramSelectionHandler.valueChanged(DefaultDiagramUI.java:1572)
	at oracle.dbtools.crest.swingui.diagram.graph.DefaultDiagramSelectionModel.fireValueChanged(DefaultDiagramSelectionModel.java:504)
	at oracle.dbtools.crest.swingui.diagram.graph.DefaultDiagramSelectionModel.notifyCellChange(DefaultDiagramSelectionModel.java:562)
	at oracle.dbtools.crest.swingui.diagram.graph.DefaultDiagramSelectionModel.addSelectionCells(DefaultDiagramSelectionModel.java:209)
	at oracle.dbtools.crest.swingui.diagram.graph.DefaultDiagramSelectionModel.addSelectionCell(DefaultDiagramSelectionModel.java:171)
	at oracle.dbtools.crest.swingui.diagram.AbstractDiagram.addSelectionCell(AbstractDiagram.java:1604)
	at oracle.dbtools.crest.swingui.diagram.ui.def.DefaultDiagramUI.selectRelationsFor(DefaultDiagramUI.java:500)
	at oracle.dbtools.crest.swingui.diagram.ui.def.DefaultDiagramUI.selectChildRelations(DefaultDiagramUI.java:435)
	at oracle.dbtools.crest.swingui.diagram.ui.def.DefaultDiagramUI.selectCellForEvent(DefaultDiagramUI.java:421)
	at oracle.dbtools.crest.swingui.diagram.ui.def.DefaultDiagramUI$MouseHandler.mouseReleased(DefaultDiagramUI.java:1819)
	at java.desktop/java.awt.AWTEventMulticaster.mouseReleased(Unknown Source)
	at java.desktop/java.awt.Component.processMouseEvent(Unknown Source)
	at java.desktop/javax.swing.JComponent.processMouseEvent(Unknown Source)
	at java.desktop/java.awt.Component.processEvent(Unknown Source)
	at java.desktop/java.awt.Container.processEvent(Unknown Source)
	at java.desktop/java.awt.Component.dispatchEventImpl(Unknown Source)
	at java.desktop/java.awt.Container.dispatchEventImpl(Unknown Source)
	at java.desktop/java.awt.Component.dispatchEvent(Unknown Source)
	at java.desktop/java.awt.LightweightDispatcher.retargetMouseEvent(Unknown Source)
	at java.desktop/java.awt.LightweightDispatcher.processMouseEvent(Unknown Source)
	at java.desktop/java.awt.LightweightDispatcher.dispatchEvent(Unknown Source)
	at java.desktop/java.awt.Container.dispatchEventImpl(Unknown Source)
	at java.desktop/java.awt.Window.dispatchEventImpl(Unknown Source)
	at java.desktop/java.awt.Component.dispatchEvent(Unknown Source)
	at java.desktop/java.awt.EventQueue.dispatchEventImpl(Unknown Source)
	at java.desktop/java.awt.EventQueue$4.run(Unknown Source)
	at java.desktop/java.awt.EventQueue$4.run(Unknown Source)
	at java.base/java.security.AccessController.doPrivileged(Native Method)
	at java.base/java.security.ProtectionDomain$JavaSecurityAccessImpl.doIntersectionPrivilege(Unknown Source)
	at java.base/java.security.ProtectionDomain$JavaSecurityAccessImpl.doIntersectionPrivilege(Unknown Source)
	at java.desktop/java.awt.EventQueue$5.run(Unknown Source)
	at java.desktop/java.awt.EventQueue$5.run(Unknown Source)
	at java.base/java.security.AccessController.doPrivileged(Native Method)
	at java.base/java.security.ProtectionDomain$JavaSecurityAccessImpl.doIntersectionPrivilege(Unknown Source)
	at java.desktop/java.awt.EventQueue.dispatchEvent(Unknown Source)
	at oracle.javatools.internal.ui.EventQueueWrapper._dispatchEvent(EventQueueWrapper.java:169)
	at oracle.javatools.internal.ui.EventQueueWrapper.dispatchEvent(EventQueueWrapper.java:151)
	at java.desktop/java.awt.EventDispatchThread.pumpOneEventForFilters(Unknown Source)
	at java.desktop/java.awt.EventDispatchThread.pumpEventsForFilter(Unknown Source)
	at java.desktop/java.awt.EventDispatchThread.pumpEventsForHierarchy(Unknown Source)
	at java.desktop/java.awt.EventDispatchThread.pumpEvents(Unknown Source)
	at java.desktop/java.awt.EventDispatchThread.pumpEvents(Unknown Source)
	at java.desktop/java.awt.EventDispatchThread.run(Unknown Source)
2023-03-09 16:49:23 SEVERE - DefaultDiagramUI.createHandle:
java.lang.NullPointerException
	at oracle.dbtools.crest.swingui.diagram.graph.EdgeView$EdgeHandle.reloadPoints(EdgeView.java:690)
	at oracle.dbtools.crest.swingui.diagram.graph.EdgeView$EdgeHandle.<init>(EdgeView.java:684)
	at oracle.dbtools.crest.swingui.diagram.graph.EdgeView.getHandle(EdgeView.java:482)
	at oracle.dbtools.crest.swingui.diagram.ui.def.DefaultDiagramUI$RootHandle.<init>(DefaultDiagramUI.java:1971)
	at oracle.dbtools.crest.swingui.diagram.ui.def.DefaultDiagramUI.createHandle(DefaultDiagramUI.java:1179)
	at oracle.dbtools.crest.swingui.diagram.ui.def.DefaultDiagramUI.updateHandle(DefaultDiagramUI.java:1160)
	at oracle.dbtools.crest.swingui.diagram.ui.def.DefaultDiagramUI$DiagramSelectionHandler.valueChanged(DefaultDiagramUI.java:1572)
	at oracle.dbtools.crest.swingui.diagram.graph.DefaultDiagramSelectionModel.fireValueChanged(DefaultDiagramSelectionModel.java:504)
	at oracle.dbtools.crest.swingui.diagram.graph.DefaultDiagramSelectionModel.notifyCellChange(DefaultDiagramSelectionModel.java:562)
	at oracle.dbtools.crest.swingui.diagram.graph.DefaultDiagramSelectionModel.addSelectionCells(DefaultDiagramSelectionModel.java:209)
	at oracle.dbtools.crest.swingui.diagram.graph.DefaultDiagramSelectionModel.addSelectionCell(DefaultDiagramSelectionModel.java:171)
	at oracle.dbtools.crest.swingui.diagram.AbstractDiagram.addSelectionCell(AbstractDiagram.java:1604)
	at oracle.dbtools.crest.swingui.diagram.ui.def.DefaultDiagramUI.selectRelationsFor(DefaultDiagramUI.java:500)
	at oracle.dbtools.crest.swingui.diagram.ui.def.DefaultDiagramUI.selectChildRelations(DefaultDiagramUI.java:435)
	at oracle.dbtools.crest.swingui.diagram.ui.def.DefaultDiagramUI.selectCellForEvent(DefaultDiagramUI.java:421)
	at oracle.dbtools.crest.swingui.diagram.ui.def.DefaultDiagramUI$MouseHandler.postProcessSelection(DefaultDiagramUI.java:1859)
	at oracle.dbtools.crest.swingui.diagram.ui.def.DefaultDiagramUI$MouseHandler.mouseReleased(DefaultDiagramUI.java:1821)
	at java.desktop/java.awt.AWTEventMulticaster.mouseReleased(Unknown Source)
	at java.desktop/java.awt.Component.processMouseEvent(Unknown Source)
	at java.desktop/javax.swing.JComponent.processMouseEvent(Unknown Source)
	at java.desktop/java.awt.Component.processEvent(Unknown Source)
	at java.desktop/java.awt.Container.processEvent(Unknown Source)
	at java.desktop/java.awt.Component.dispatchEventImpl(Unknown Source)
	at java.desktop/java.awt.Container.dispatchEventImpl(Unknown Source)
	at java.desktop/java.awt.Component.dispatchEvent(Unknown Source)
	at java.desktop/java.awt.LightweightDispatcher.retargetMouseEvent(Unknown Source)
	at java.desktop/java.awt.LightweightDispatcher.processMouseEvent(Unknown Source)
	at java.desktop/java.awt.LightweightDispatcher.dispatchEvent(Unknown Source)
	at java.desktop/java.awt.Container.dispatchEventImpl(Unknown Source)
	at java.desktop/java.awt.Window.dispatchEventImpl(Unknown Source)
	at java.desktop/java.awt.Component.dispatchEvent(Unknown Source)
	at java.desktop/java.awt.EventQueue.dispatchEventImpl(Unknown Source)
	at java.desktop/java.awt.EventQueue$4.run(Unknown Source)
	at java.desktop/java.awt.EventQueue$4.run(Unknown Source)
	at java.base/java.security.AccessController.doPrivileged(Native Method)
	at java.base/java.security.ProtectionDomain$JavaSecurityAccessImpl.doIntersectionPrivilege(Unknown Source)
	at java.base/java.security.ProtectionDomain$JavaSecurityAccessImpl.doIntersectionPrivilege(Unknown Source)
	at java.desktop/java.awt.EventQueue$5.run(Unknown Source)
	at java.desktop/java.awt.EventQueue$5.run(Unknown Source)
	at java.base/java.security.AccessController.doPrivileged(Native Method)
	at java.base/java.security.ProtectionDomain$JavaSecurityAccessImpl.doIntersectionPrivilege(Unknown Source)
	at java.desktop/java.awt.EventQueue.dispatchEvent(Unknown Source)
	at oracle.javatools.internal.ui.EventQueueWrapper._dispatchEvent(EventQueueWrapper.java:169)
	at oracle.javatools.internal.ui.EventQueueWrapper.dispatchEvent(EventQueueWrapper.java:151)
	at java.desktop/java.awt.EventDispatchThread.pumpOneEventForFilters(Unknown Source)
	at java.desktop/java.awt.EventDispatchThread.pumpEventsForFilter(Unknown Source)
	at java.desktop/java.awt.EventDispatchThread.pumpEventsForHierarchy(Unknown Source)
	at java.desktop/java.awt.EventDispatchThread.pumpEvents(Unknown Source)
	at java.desktop/java.awt.EventDispatchThread.pumpEvents(Unknown Source)
	at java.desktop/java.awt.EventDispatchThread.run(Unknown Source)
2023-03-09 16:49:23 SEVERE - DefaultDiagramUI.createHandle:
java.lang.NullPointerException
	at oracle.dbtools.crest.swingui.diagram.graph.EdgeView$EdgeHandle.reloadPoints(EdgeView.java:690)
	at oracle.dbtools.crest.swingui.diagram.graph.EdgeView$EdgeHandle.<init>(EdgeView.java:684)
	at oracle.dbtools.crest.swingui.diagram.graph.EdgeView.getHandle(EdgeView.java:482)
	at oracle.dbtools.crest.swingui.diagram.ui.def.DefaultDiagramUI$RootHandle.<init>(DefaultDiagramUI.java:1971)
	at oracle.dbtools.crest.swingui.diagram.ui.def.DefaultDiagramUI.createHandle(DefaultDiagramUI.java:1179)
	at oracle.dbtools.crest.swingui.diagram.ui.def.DefaultDiagramUI.updateHandle(DefaultDiagramUI.java:1160)
	at oracle.dbtools.crest.swingui.diagram.ui.def.DefaultDiagramUI$DiagramSelectionHandler.valueChanged(DefaultDiagramUI.java:1572)
	at oracle.dbtools.crest.swingui.diagram.graph.DefaultDiagramSelectionModel.fireValueChanged(DefaultDiagramSelectionModel.java:504)
	at oracle.dbtools.crest.swingui.diagram.graph.DefaultDiagramSelectionModel.notifyCellChange(DefaultDiagramSelectionModel.java:562)
	at oracle.dbtools.crest.swingui.diagram.graph.DefaultDiagramSelectionModel.addSelectionCells(DefaultDiagramSelectionModel.java:209)
	at oracle.dbtools.crest.swingui.diagram.graph.DefaultDiagramSelectionModel.addSelectionCell(DefaultDiagramSelectionModel.java:171)
	at oracle.dbtools.crest.swingui.diagram.AbstractDiagram.addSelectionCell(AbstractDiagram.java:1604)
	at oracle.dbtools.crest.swingui.diagram.ui.def.DefaultDiagramUI.selectRelationsFor(DefaultDiagramUI.java:500)
	at oracle.dbtools.crest.swingui.diagram.ui.def.DefaultDiagramUI.selectChildRelations(DefaultDiagramUI.java:435)
	at oracle.dbtools.crest.swingui.diagram.ui.def.DefaultDiagramUI.selectCellForEvent(DefaultDiagramUI.java:421)
	at oracle.dbtools.crest.swingui.diagram.ui.def.DefaultDiagramUI$MouseHandler.postProcessSelection(DefaultDiagramUI.java:1859)
	at oracle.dbtools.crest.swingui.diagram.ui.def.DefaultDiagramUI$MouseHandler.mouseReleased(DefaultDiagramUI.java:1821)
	at java.desktop/java.awt.AWTEventMulticaster.mouseReleased(Unknown Source)
	at java.desktop/java.awt.Component.processMouseEvent(Unknown Source)
	at java.desktop/javax.swing.JComponent.processMouseEvent(Unknown Source)
	at java.desktop/java.awt.Component.processEvent(Unknown Source)
	at java.desktop/java.awt.Container.processEvent(Unknown Source)
	at java.desktop/java.awt.Component.dispatchEventImpl(Unknown Source)
	at java.desktop/java.awt.Container.dispatchEventImpl(Unknown Source)
	at java.desktop/java.awt.Component.dispatchEvent(Unknown Source)
	at java.desktop/java.awt.LightweightDispatcher.retargetMouseEvent(Unknown Source)
	at java.desktop/java.awt.LightweightDispatcher.processMouseEvent(Unknown Source)
	at java.desktop/java.awt.LightweightDispatcher.dispatchEvent(Unknown Source)
	at java.desktop/java.awt.Container.dispatchEventImpl(Unknown Source)
	at java.desktop/java.awt.Window.dispatchEventImpl(Unknown Source)
	at java.desktop/java.awt.Component.dispatchEvent(Unknown Source)
	at java.desktop/java.awt.EventQueue.dispatchEventImpl(Unknown Source)
	at java.desktop/java.awt.EventQueue$4.run(Unknown Source)
	at java.desktop/java.awt.EventQueue$4.run(Unknown Source)
	at java.base/java.security.AccessController.doPrivileged(Native Method)
	at java.base/java.security.ProtectionDomain$JavaSecurityAccessImpl.doIntersectionPrivilege(Unknown Source)
	at java.base/java.security.ProtectionDomain$JavaSecurityAccessImpl.doIntersectionPrivilege(Unknown Source)
	at java.desktop/java.awt.EventQueue$5.run(Unknown Source)
	at java.desktop/java.awt.EventQueue$5.run(Unknown Source)
	at java.base/java.security.AccessController.doPrivileged(Native Method)
	at java.base/java.security.ProtectionDomain$JavaSecurityAccessImpl.doIntersectionPrivilege(Unknown Source)
	at java.desktop/java.awt.EventQueue.dispatchEvent(Unknown Source)
	at oracle.javatools.internal.ui.EventQueueWrapper._dispatchEvent(EventQueueWrapper.java:169)
	at oracle.javatools.internal.ui.EventQueueWrapper.dispatchEvent(EventQueueWrapper.java:151)
	at java.desktop/java.awt.EventDispatchThread.pumpOneEventForFilters(Unknown Source)
	at java.desktop/java.awt.EventDispatchThread.pumpEventsForFilter(Unknown Source)
	at java.desktop/java.awt.EventDispatchThread.pumpEventsForHierarchy(Unknown Source)
	at java.desktop/java.awt.EventDispatchThread.pumpEvents(Unknown Source)
	at java.desktop/java.awt.EventDispatchThread.pumpEvents(Unknown Source)
	at java.desktop/java.awt.EventDispatchThread.run(Unknown Source)
2023-03-09 16:49:26 SEVERE - DefaultDiagramUI.createHandle:
java.lang.NullPointerException
	at oracle.dbtools.crest.swingui.diagram.graph.EdgeView$EdgeHandle.reloadPoints(EdgeView.java:690)
	at oracle.dbtools.crest.swingui.diagram.graph.EdgeView$EdgeHandle.<init>(EdgeView.java:684)
	at oracle.dbtools.crest.swingui.diagram.graph.EdgeView.getHandle(EdgeView.java:482)
	at oracle.dbtools.crest.swingui.diagram.ui.def.DefaultDiagramUI$RootHandle.<init>(DefaultDiagramUI.java:1971)
	at oracle.dbtools.crest.swingui.diagram.ui.def.DefaultDiagramUI.createHandle(DefaultDiagramUI.java:1179)
	at oracle.dbtools.crest.swingui.diagram.ui.def.DefaultDiagramUI.updateHandle(DefaultDiagramUI.java:1160)
	at oracle.dbtools.crest.swingui.diagram.ui.def.DefaultDiagramUI.updateSize(DefaultDiagramUI.java:1194)
	at oracle.dbtools.crest.swingui.diagram.ui.def.DefaultDiagramUI$DiagramModelHandler.diagramChanged(DefaultDiagramUI.java:1532)
	at oracle.dbtools.crest.swingui.diagram.graph.DefaultDiagramModel.fireDiagramChanged(DefaultDiagramModel.java:674)
	at oracle.dbtools.crest.swingui.diagram.graph.DefaultDiagramModel$DiagramModelLayerEdit.updateListeners(DefaultDiagramModel.java:1152)
	at oracle.dbtools.crest.swingui.diagram.graph.DiagramLayoutCache$DiagramViewLayerEdit.execute(DiagramLayoutCache.java:1179)
	at oracle.dbtools.crest.swingui.diagram.graph.DefaultDiagramModel.toFront(DefaultDiagramModel.java:425)
	at oracle.dbtools.crest.swingui.diagram.graph.DiagramLayoutCache.toFront(DiagramLayoutCache.java:767)
	at oracle.dbtools.crest.swingui.diagram.graph.MarqueeHandler.isForceMarqueeEvent(MarqueeHandler.java:85)
	at oracle.dbtools.crest.swingui.diagram.ui.def.DefaultDiagramUI.isForceMarqueeEvent(DefaultDiagramUI.java:541)
	at oracle.dbtools.crest.swingui.diagram.ui.def.DefaultDiagramUI$MouseHandler.mousePressed(DefaultDiagramUI.java:1708)
	at java.desktop/java.awt.AWTEventMulticaster.mousePressed(Unknown Source)
	at java.desktop/java.awt.Component.processMouseEvent(Unknown Source)
	at java.desktop/javax.swing.JComponent.processMouseEvent(Unknown Source)
	at java.desktop/java.awt.Component.processEvent(Unknown Source)
	at java.desktop/java.awt.Container.processEvent(Unknown Source)
	at java.desktop/java.awt.Component.dispatchEventImpl(Unknown Source)
	at java.desktop/java.awt.Container.dispatchEventImpl(Unknown Source)
	at java.desktop/java.awt.Component.dispatchEvent(Unknown Source)
	at java.desktop/java.awt.LightweightDispatcher.retargetMouseEvent(Unknown Source)
	at java.desktop/java.awt.LightweightDispatcher.processMouseEvent(Unknown Source)
	at java.desktop/java.awt.LightweightDispatcher.dispatchEvent(Unknown Source)
	at java.desktop/java.awt.Container.dispatchEventImpl(Unknown Source)
	at java.desktop/java.awt.Window.dispatchEventImpl(Unknown Source)
	at java.desktop/java.awt.Component.dispatchEvent(Unknown Source)
	at java.desktop/java.awt.EventQueue.dispatchEventImpl(Unknown Source)
	at java.desktop/java.awt.EventQueue$4.run(Unknown Source)
	at java.desktop/java.awt.EventQueue$4.run(Unknown Source)
	at java.base/java.security.AccessController.doPrivileged(Native Method)
	at java.base/java.security.ProtectionDomain$JavaSecurityAccessImpl.doIntersectionPrivilege(Unknown Source)
	at java.base/java.security.ProtectionDomain$JavaSecurityAccessImpl.doIntersectionPrivilege(Unknown Source)
	at java.desktop/java.awt.EventQueue$5.run(Unknown Source)
	at java.desktop/java.awt.EventQueue$5.run(Unknown Source)
	at java.base/java.security.AccessController.doPrivileged(Native Method)
	at java.base/java.security.ProtectionDomain$JavaSecurityAccessImpl.doIntersectionPrivilege(Unknown Source)
	at java.desktop/java.awt.EventQueue.dispatchEvent(Unknown Source)
	at oracle.javatools.internal.ui.EventQueueWrapper._dispatchEvent(EventQueueWrapper.java:169)
	at oracle.javatools.internal.ui.EventQueueWrapper.dispatchEvent(EventQueueWrapper.java:151)
	at java.desktop/java.awt.EventDispatchThread.pumpOneEventForFilters(Unknown Source)
	at java.desktop/java.awt.EventDispatchThread.pumpEventsForFilter(Unknown Source)
	at java.desktop/java.awt.EventDispatchThread.pumpEventsForHierarchy(Unknown Source)
	at java.desktop/java.awt.EventDispatchThread.pumpEvents(Unknown Source)
	at java.desktop/java.awt.EventDispatchThread.pumpEvents(Unknown Source)
	at java.desktop/java.awt.EventDispatchThread.run(Unknown Source)
